<?xml version="1.0" encoding="UTF-8"?>
<testng-results ignored="0" total="1" passed="1" failed="0" skipped="0">
  <reporter-output>
  </reporter-output>
  <suite started-at="2022-04-01T16:55:07 IST" name="Default suite" finished-at="2022-04-01T16:55:28 IST" duration-ms="21009">
    <groups>
    </groups>
    <test started-at="2022-04-01T16:55:07 IST" name="Default test" finished-at="2022-04-01T16:55:28 IST" duration-ms="21009">
      <class name="Omnitracs.SeleniumEasyDemo.AlertsDemoTest">
        <test-method is-config="true" signature="config()[pri:0, instance:Omnitracs.SeleniumEasyDemo.AlertsDemoTest@59505b48]" started-at="2022-04-01T16:55:07 IST" name="config" finished-at="2022-04-01T16:55:07 IST" duration-ms="423" status="PASS">
          <reporter-output>
          </reporter-output>
        </test-method> <!-- config -->
        <test-method is-config="true" signature="initialSteps()[pri:0, instance:Omnitracs.SeleniumEasyDemo.AlertsDemoTest@59505b48]" started-at="2022-04-01T16:55:07 IST" name="initialSteps" finished-at="2022-04-01T16:55:20 IST" duration-ms="12773" status="PASS">
          <reporter-output>
          </reporter-output>
        </test-method> <!-- initialSteps -->
        <test-method is-config="true" signature="testDataFile()[pri:0, instance:Omnitracs.SeleniumEasyDemo.AlertsDemoTest@59505b48]" started-at="2022-04-01T16:55:20 IST" name="testDataFile" finished-at="2022-04-01T16:55:20 IST" duration-ms="0" status="PASS">
          <reporter-output>
          </reporter-output>
        </test-method> <!-- testDataFile -->
        <test-method signature="javaScriptAlertDemo()[pri:0, instance:Omnitracs.SeleniumEasyDemo.AlertsDemoTest@59505b48]" started-at="2022-04-01T16:55:20 IST" name="javaScriptAlertDemo" finished-at="2022-04-01T16:55:27 IST" duration-ms="6925" status="PASS">
          <reporter-output>
          </reporter-output>
        </test-method> <!-- javaScriptAlertDemo -->
        <test-method is-config="true" signature="closeAllBrowsers()[pri:0, instance:Omnitracs.SeleniumEasyDemo.AlertsDemoTest@59505b48]" started-at="2022-04-01T16:55:27 IST" name="closeAllBrowsers" finished-at="2022-04-01T16:55:28 IST" duration-ms="728" status="PASS">
          <reporter-output>
          </reporter-output>
        </test-method> <!-- closeAllBrowsers -->
        <test-method is-config="true" signature="tearDown()[pri:0, instance:Omnitracs.SeleniumEasyDemo.AlertsDemoTest@59505b48]" started-at="2022-04-01T16:55:28 IST" name="tearDown" finished-at="2022-04-01T16:55:28 IST" duration-ms="481" status="PASS">
          <reporter-output>
          </reporter-output>
        </test-method> <!-- tearDown -->
      </class> <!-- Omnitracs.SeleniumEasyDemo.AlertsDemoTest -->
    </test> <!-- Default test -->
  </suite> <!-- Default suite -->
</testng-results>
